<?xml version="1.0" encoding="UTF-8"?>
<testsuite xmlns:xsi="http://www.w3.org/2001/XMLSchema-instance" xsi:noNamespaceSchemaLocation="https://maven.apache.org/surefire/maven-surefire-plugin/xsd/surefire-test-report.xsd" name="TestSuite" time="52.434" tests="4" errors="0" skipped="0" failures="3">
  <properties>
[...]
</properties>
  <testcase name="Kurang" classname="com.CalculatorTest" time="10.066">
    <failure message="Can&apos;t locate an element by this strategy: By.chained({AppiumBy.id: com.google.android.calculator:id/digit_1})" type="org.openqa.selenium.NoSuchElementException">org.openqa.selenium.NoSuchElementException: Can't locate an element by this strategy: By.chained({AppiumBy.id: com.google.android.calculator:id/digit_1})
	at com.CalculatorTest.Kurang(CalculatorTest.java:41)
Caused by: org.openqa.selenium.TimeoutException: 
Expected condition failed: waiting for io.appium.java_client.pagefactory.AppiumElementLocator$WaitingFunction@4303b7f0
(tried for 1 second with 500 milliseconds interval)
	at com.CalculatorTest.Kurang(CalculatorTest.java:41)
Caused by: org.openqa.selenium.NoSuchElementException: 
Cannot locate an element using By.chained({AppiumBy.id: com.google.android.calculator:id/digit_1})
For documentation on this error, please visit: https://www.selenium.dev/documentation/webdriver/troubleshooting/errors#nosuchelementexception
Build info: version: '4.41.0', revision: '9fc754f'
System info: os.name: 'Windows 11', os.arch: 'amd64', os.version: '10.0', java.version: '25.0.2'
Driver info: driver.version: RemoteWebDriver
	at com.CalculatorTest.Kurang(CalculatorTest.java:41)
</failure>
    <system-err><![CDATA[SLF4J(W): No SLF4J providers were found.
SLF4J(W): Defaulting to no-operation (NOP) logger implementation
SLF4J(W): See https://www.slf4j.org/codes.html#noProviders for further details.
]]></system-err>
  </testcase>
  <testcase name="testAddition" classname="com.CalculatorTest" time="10.055">
    <failure message="Can&apos;t locate an element by this strategy: By.chained({AppiumBy.id: com.google.android.calculator:id/digit_5})" type="org.openqa.selenium.NoSuchElementException">org.openqa.selenium.NoSuchElementException: Can't locate an element by this strategy: By.chained({AppiumBy.id: com.google.android.calculator:id/digit_5})
	at com.CalculatorTest.testAddition(CalculatorTest.java:35)
Caused by: org.openqa.selenium.TimeoutException: 
Expected condition failed: waiting for io.appium.java_client.pagefactory.AppiumElementLocator$WaitingFunction@5f78de22
(tried for 1 second with 500 milliseconds interval)
	at com.CalculatorTest.testAddition(CalculatorTest.java:35)
Caused by: org.openqa.selenium.NoSuchElementException: 
Cannot locate an element using By.chained({AppiumBy.id: com.google.android.calculator:id/digit_5})
For documentation on this error, please visit: https://www.selenium.dev/documentation/webdriver/troubleshooting/errors#nosuchelementexception
Build info: version: '4.41.0', revision: '9fc754f'
System info: os.name: 'Windows 11', os.arch: 'amd64', os.version: '10.0', java.version: '25.0.2'
Driver info: driver.version: RemoteWebDriver
	at com.CalculatorTest.testAddition(CalculatorTest.java:35)
</failure>
  </testcase>
  <testcase name="loginTest" classname="com.LoginTest" time="3.73"/>
  <testcase name="testcomplate" classname="com.LoginTest" time="11.241">
    <failure message="Can&apos;t locate an element by this strategy: By.chained({AppiumBy.accessibilityId: test-Password})" type="org.openqa.selenium.NoSuchElementException">org.openqa.selenium.NoSuchElementException: Can't locate an element by this strategy: By.chained({AppiumBy.accessibilityId: test-Password})
	at com.LoginTest.testcomplate(LoginTest.java:53)
Caused by: org.openqa.selenium.TimeoutException: 
Expected condition failed: waiting for io.appium.java_client.pagefactory.AppiumElementLocator$WaitingFunction@4a29f290
(tried for 10 seconds with 500 milliseconds interval)
	at com.LoginTest.testcomplate(LoginTest.java:53)
Caused by: org.openqa.selenium.NoSuchElementException: 
Cannot locate an element using By.chained({AppiumBy.accessibilityId: test-Password})
For documentation on this error, please visit: https://www.selenium.dev/documentation/webdriver/troubleshooting/errors#nosuchelementexception
Build info: version: '4.41.0', revision: '9fc754f'
System info: os.name: 'Windows 11', os.arch: 'amd64', os.version: '10.0', java.version: '25.0.2'
Driver info: driver.version: RemoteWebDriver
	at com.LoginTest.testcomplate(LoginTest.java:53)
</failure>
  </testcase>
</testsuite>